{
  "0 debug pnpm:scope": {
    "selected": 5,
    "total": 5,
    "workspacePrefix": "I:\\vue2ol"
  },
  "1 debug pnpm:package-manifest": {
    "initial": {
      "name": "@gis-js/geojson2shp",
      "version": "1.0.0-beta.1",
      "description": "geojson转为shp",
      "keywords": [
        "map",
        "geojson",
        "shp"
      ],
      "author": "panzhiyue <30484534+panzhiyue@users.noreply.github.com>",
      "homepage": "https://github.com/panzhiyue/gis-js/geojson2shp",
      "license": "ISC",
      "directories": {
        "lib": "lib",
        "test": "__tests__"
      },
      "files": [
        "lib"
      ],
      "repository": {
        "type": "git",
        "url": "git+https://github.com/panzhiyue/gis-js.git"
      },
      "scripts": {
        "dev:docs": " vuepress dev docs",
        "build:docs": "vuepress build docs",
        "build:package": "rimraf -rf lib && mkdir lib &&  rollup -c --environment NODE_ENV:production"
      },
      "bugs": {
        "url": "https://github.com/panzhiyue/gis-js/issues"
      },
      "main": "lib/index.js",
      "module": "lib/index.mjs",
      "dependencies": {
        "@gis/geojson2shp": "workspace:*"
      }
    },
    "prefix": "I:\\vue2ol\\packages\\geojson2shp"
  },
  "2 debug pnpm:package-manifest": {
    "initial": {
      "name": "@gis-js/vue2ol",
      "version": "1.0.0-alpha.33",
      "description": "openlayers的vue组件",
      "keywords": [
        "openlayers",
        "vue",
        "yarn",
        "lerna"
      ],
      "author": "panzhiyue <892105346@qq.com>",
      "homepage": "https://panzhiyue.github.io/gis-js/vue2ol/",
      "license": "ISC",
      "directories": {
        "lib": "lib",
        "test": "__tests__"
      },
      "files": [
        "src"
      ],
      "repository": {
        "type": "git",
        "url": "git+https://github.com/panzhiyue/gis-js.git"
      },
      "bugs": {
        "url": "https://github.com/panzhiyue/gis-js/issues"
      },
      "scripts": {
        "build:package": "rimraf -rf lib && mkdir lib &&  rollup -c --environment NODE_ENV:production",
        "dev:docs": "concurrently \"vue-docgen -watch -c ./docgen.config.js\" \" vuepress dev docs \"",
        "build:md": "vue-docgen -c ./docgen.config.js",
        "build:docs": "vuepress build docs"
      },
      "main": "src/index.js",
      "dependencies": {
        "ol": "^6.14.1"
      },
      "devDependencies": {}
    },
    "prefix": "I:\\vue2ol\\packages\\vue2ol"
  },
  "3 debug pnpm:package-manifest": {
    "initial": {
      "name": "root",
      "private": true,
      "scripts": {
        "build:package": "lerna run build:package",
        "build:md": "lerna run build:md",
        "build:docs": "yarn workspaces run build:docs ",
        "build": "npm run build:package && npm run build:md && npm run build:docs",
        "dev:docs": "yarn workspaces run dev:docs  ",
        "deploy:docs": "node ./scripts/deploy.js"
      },
      "devDependencies": {
        "@panzhiyue/vuepress-plugin-demo-container-v2": "^1.0.3",
        "@gis-js/geojson2shp": "workspace:*",
        "concurrently": "^7.0.0",
        "directory-tree": "^3.2.2",
        "fs-extra": "^10.1.0",
        "lerna": "^4.0.0",
        "rollup": "^2.58.0",
        "rollup-plugin-less": "^1.1.3",
        "rollup-plugin-node-externals": "^4.0.0",
        "rollup-plugin-node-resolve": "^5.2.0",
        "rollup-plugin-vue": "^5.1.9",
        "shelljs": "^0.8.5",
        "vue-docgen-cli": "^4.45.0",
        "vue-template-compiler": "2.7.8",
        "vuepress": "1.8.2",
        "vuepress-plugin-one-click-copy": "^1.0.2",
        "vuepress-theme-vdoing": "^1.9.5"
      }
    },
    "prefix": "I:\\vue2ol"
  },
  "4 debug pnpm:package-manifest": {
    "initial": {
      "name": "@gis-js/utilsol",
      "version": "1.0.0-beta.3",
      "description": "openlayers帮助类",
      "keywords": [
        "openlayers"
      ],
      "author": "panzhiyue <30484534+panzhiyue@users.noreply.github.com>",
      "homepage": "https://github.com/panzhiyue/gis-js/utilsol",
      "license": "ISC",
      "main": "lib/index.js",
      "module": "lib/index.mjs",
      "types": "lib/index.d.ts",
      "directories": {
        "lib": "lib",
        "test": "__tests__"
      },
      "files": [
        "lib"
      ],
      "repository": {
        "type": "git",
        "url": "git+https://github.com/panzhiyue/gis-js.git"
      },
      "scripts": {
        "dev:docs": "typedoc --options ./typedoc.config.json && vuepress dev docs",
        "build:md": "typedoc --options ./typedoc.config.json",
        "build:docs": "vuepress build docs",
        "build:package": "rimraf -rf lib && mkdir lib &&  rollup -c --environment NODE_ENV:production"
      },
      "bugs": {
        "url": "https://github.com/panzhiyue/gis-js/issues"
      },
      "dependencies": {
        "@gis-js/geojson2shp": "workspace:*",
        "@turf/turf": "6.5.0",
        "dom-to-image": "^2.6.0",
        "file-saver-es": "^2.0.5",
        "jszip": "^3.8.0",
        "ol": "^6.14.1",
        "proj4": "^2.8.0",
        "shapefile": "^0.6.6"
      },
      "devDependencies": {
        "@babel/core": "^7.11.1",
        "@babel/plugin-proposal-class-properties": "^7.10.4",
        "@babel/preset-env": "^7.11.0",
        "@babel/preset-typescript": "^7.16.7",
        "@commitlint/cli": "^9.1.1",
        "@commitlint/config-angular": "^9.1.1",
        "@commitlint/prompt-cli": "^9.1.1",
        "@rollup/plugin-babel": "^5.1.0",
        "@rollup/plugin-commonjs": "^14.0.0",
        "@rollup/plugin-image": "^2.1.1",
        "@rollup/plugin-json": "^4.1.0",
        "@rollup/plugin-node-resolve": "^8.4.0",
        "@rollup/plugin-replace": "^2.3.3",
        "@rollup/plugin-typescript": "^5.0.2",
        "@types/node": "^17.0.8",
        "concurrently": "^6.5.1",
        "cross-env": "^7.0.3",
        "rollup": "^2.23.1",
        "rollup-plugin-dts": "^1.4.10",
        "rollup-plugin-node-externals": "^2.2.0",
        "ts-jest": "^27.1.2",
        "tslib": "^2.3.1",
        "typedoc": "^0.22.13",
        "typedoc-plugin-markdown": "^3.11.14",
        "typescript": "^4.5.4"
      }
    },
    "prefix": "I:\\vue2ol\\packages\\utilsol"
  },
  "5 debug pnpm:package-manifest": {
    "initial": {
      "name": "@gis-js/vue2ol-extend",
      "version": "1.0.0-alpha.33",
      "description": "vue2ol的扩展",
      "keywords": [
        "vue2ol",
        "openlayers",
        "vue"
      ],
      "author": "panzhiyue <892105346@qq.com>",
      "homepage": "https://panzhiyue.github.io/gis-js/vue2ol-extend/",
      "license": "ISC",
      "main": "src/index.js",
      "scripts": {
        "build:package": "rimraf -rf lib && mkdir lib &&  rollup -c --environment NODE_ENV:production",
        "dev:docs": "concurrently \"vue-docgen -watch -c ./docgen.config.js\" \" vuepress dev docs \"",
        "build:md": "vue-docgen -c ./docgen.config.js",
        "build:docs": "vuepress build docs",
        "pub": "npm publish --access=public"
      },
      "directories": {
        "lib": "lib",
        "test": "__tests__"
      },
      "files": [
        "src"
      ],
      "repository": {
        "type": "git",
        "url": "git+https://github.com/panzhiyue/gis-js.git"
      },
      "bugs": {
        "url": "https://github.com/panzhiyue/gis-js/issues"
      },
      "dependencies": {
        "@gis-js/utilsol": "workspace:*",
        "@gis-js/vue2ol": "workspace:*",
        "ol": "^6.14.1"
      },
      "devDependencies": {}
    },
    "prefix": "I:\\vue2ol\\packages\\vue2ol-extend"
  },
  "6 debug pnpm:context": {
    "currentLockfileExists": true,
    "storeDir": "I:\\.pnpm-store\\v3",
    "virtualStoreDir": "I:\\vue2ol\\node_modules\\.pnpm"
  },
  "7 debug pnpm:stage": {
    "prefix": "I:\\vue2ol",
    "stage": "resolution_started"
  },
  "8 debug pnpm:_dependency_resolved": {
    "resolution": "link:packages/geojson2shp",
    "wanted": {
      "dependentId": ".",
      "name": "@gis-js/geojson2shp",
      "rawSpec": "workspace:*"
    }
  },
  "9 debug pnpm:_dependency_resolved": {
    "resolution": "link:../geojson2shp",
    "wanted": {
      "dependentId": "packages/utilsol",
      "name": "@gis-js/geojson2shp",
      "rawSpec": "workspace:*"
    }
  },
  "10 debug pnpm:_dependency_resolved": {
    "resolution": "link:../utilsol",
    "wanted": {
      "dependentId": "packages/vue2ol-extend",
      "name": "@gis-js/utilsol",
      "rawSpec": "workspace:*"
    }
  },
  "11 debug pnpm:_dependency_resolved": {
    "resolution": "link:../vue2ol",
    "wanted": {
      "dependentId": "packages/vue2ol-extend",
      "name": "@gis-js/vue2ol",
      "rawSpec": "workspace:*"
    }
  },
  "12 error pnpm": {
    "code": "ERR_PNPM_NO_MATCHING_VERSION_INSIDE_WORKSPACE",
    "pkgsStack": [],
    "err": {
      "name": "pnpm",
      "message": "In : No matching version found for @gis/geojson2shp@* inside the workspace",
      "code": "ERR_PNPM_NO_MATCHING_VERSION_INSIDE_WORKSPACE",
      "stack": "pnpm: In : No matching version found for @gis/geojson2shp@* inside the workspace\n    at tryResolveFromWorkspace (C:\\Users\\Admin\\AppData\\Roaming\\nvm\\v16.15.0\\node_modules\\pnpm\\dist\\pnpm.cjs:84540:15)\n    at resolveNpm (C:\\Users\\Admin\\AppData\\Roaming\\nvm\\v16.15.0\\node_modules\\pnpm\\dist\\pnpm.cjs:84432:39)\n    at Object.resolve (C:\\Users\\Admin\\AppData\\Roaming\\nvm\\v16.15.0\\node_modules\\pnpm\\dist\\pnpm.cjs:84662:34)\n    at ctx.requestsQueue.add.priority (C:\\Users\\Admin\\AppData\\Roaming\\nvm\\v16.15.0\\node_modules\\pnpm\\dist\\pnpm.cjs:91358:75)\n    at run (C:\\Users\\Admin\\AppData\\Roaming\\nvm\\v16.15.0\\node_modules\\pnpm\\dist\\pnpm.cjs:91119:90)\n    at PQueue._tryToStartAnother (C:\\Users\\Admin\\AppData\\Roaming\\nvm\\v16.15.0\\node_modules\\pnpm\\dist\\pnpm.cjs:91073:13)\n    at C:\\Users\\Admin\\AppData\\Roaming\\nvm\\v16.15.0\\node_modules\\pnpm\\dist\\pnpm.cjs:91132:16\n    at new Promise (<anonymous>)\n    at PQueue.add (C:\\Users\\Admin\\AppData\\Roaming\\nvm\\v16.15.0\\node_modules\\pnpm\\dist\\pnpm.cjs:91114:16)\n    at resolveAndFetch (C:\\Users\\Admin\\AppData\\Roaming\\nvm\\v16.15.0\\node_modules\\pnpm\\dist\\pnpm.cjs:91358:55)"
    }
  },
  "13 debug pnpm:_dependency_resolved": {
    "resolution": "registry.npmjs.org/@panzhiyue/vuepress-plugin-demo-container-v2/1.0.3",
    "wanted": {
      "dependentId": ".",
      "name": "@panzhiyue/vuepress-plugin-demo-container-v2",
      "rawSpec": "^1.0.3"
    }
  },
  "14 debug pnpm:_dependency_resolved": {
    "resolution": "registry.npmjs.org/concurrently/7.3.0",
    "wanted": {
      "dependentId": ".",
      "name": "concurrently",
      "rawSpec": "^7.0.0"
    }
  },
  "15 debug pnpm:_dependency_resolved": {
    "resolution": "registry.npmjs.org/directory-tree/3.3.0",
    "wanted": {
      "dependentId": ".",
      "name": "directory-tree",
      "rawSpec": "^3.2.2"
    }
  },
  "16 debug pnpm:_dependency_resolved": {
    "resolution": "registry.npmjs.org/fs-extra/10.1.0",
    "wanted": {
      "dependentId": ".",
      "name": "fs-extra",
      "rawSpec": "^10.1.0"
    }
  },
  "17 debug pnpm:_dependency_resolved": {
    "resolution": "registry.npmjs.org/lerna/4.0.0",
    "wanted": {
      "dependentId": ".",
      "name": "lerna",
      "rawSpec": "^4.0.0"
    }
  },
  "18 debug pnpm:_dependency_resolved": {
    "resolution": "registry.npmjs.org/rollup/2.78.0",
    "wanted": {
      "dependentId": ".",
      "name": "rollup",
      "rawSpec": "^2.58.0"
    }
  },
  "19 debug pnpm:_dependency_resolved": {
    "resolution": "registry.npmjs.org/rollup-plugin-less/1.1.3",
    "wanted": {
      "dependentId": ".",
      "name": "rollup-plugin-less",
      "rawSpec": "^1.1.3"
    }
  },
  "20 debug pnpm:_dependency_resolved": {
    "resolution": "registry.npmjs.org/rollup-plugin-node-externals/4.1.1",
    "wanted": {
      "dependentId": ".",
      "name": "rollup-plugin-node-externals",
      "rawSpec": "^4.0.0"
    }
  },
  "21 debug pnpm:_dependency_resolved": {
    "resolution": "registry.npmjs.org/rollup-plugin-node-resolve/5.2.0",
    "wanted": {
      "dependentId": ".",
      "name": "rollup-plugin-node-resolve",
      "rawSpec": "^5.2.0"
    }
  },
  "22 debug pnpm:_dependency_resolved": {
    "resolution": "registry.npmjs.org/rollup-plugin-vue/5.1.9",
    "wanted": {
      "dependentId": ".",
      "name": "rollup-plugin-vue",
      "rawSpec": "^5.1.9"
    }
  },
  "23 debug pnpm:_dependency_resolved": {
    "resolution": "registry.npmjs.org/shelljs/0.8.5",
    "wanted": {
      "dependentId": ".",
      "name": "shelljs",
      "rawSpec": "^0.8.5"
    }
  },
  "24 debug pnpm:_dependency_resolved": {
    "resolution": "registry.npmjs.org/vue-docgen-cli/4.51.0",
    "wanted": {
      "dependentId": ".",
      "name": "vue-docgen-cli",
      "rawSpec": "^4.45.0"
    }
  },
  "25 debug pnpm:_dependency_resolved": {
    "resolution": "registry.npmjs.org/vue-template-compiler/2.7.8",
    "wanted": {
      "dependentId": ".",
      "name": "vue-template-compiler",
      "rawSpec": "2.7.8"
    }
  },
  "26 debug pnpm:_dependency_resolved": {
    "resolution": "registry.npmjs.org/vuepress/1.8.2",
    "wanted": {
      "dependentId": ".",
      "name": "vuepress",
      "rawSpec": "1.8.2"
    }
  },
  "27 debug pnpm:_dependency_resolved": {
    "resolution": "registry.npmjs.org/vuepress-theme-vdoing/1.12.7",
    "wanted": {
      "dependentId": ".",
      "name": "vuepress-theme-vdoing",
      "rawSpec": "^1.9.5"
    }
  },
  "28 debug pnpm:_dependency_resolved": {
    "resolution": "registry.npmjs.org/vuepress-plugin-one-click-copy/1.0.6",
    "wanted": {
      "dependentId": ".",
      "name": "vuepress-plugin-one-click-copy",
      "rawSpec": "^1.0.2"
    }
  },
  "29 debug pnpm:_dependency_resolved": {
    "resolution": "registry.npmjs.org/@babel/core/7.18.10",
    "wanted": {
      "dependentId": "packages/utilsol",
      "name": "@babel/core",
      "rawSpec": "^7.11.1"
    }
  },
  "30 debug pnpm:_dependency_resolved": {
    "resolution": "registry.npmjs.org/@babel/plugin-proposal-class-properties/7.18.6",
    "wanted": {
      "dependentId": "packages/utilsol",
      "name": "@babel/plugin-proposal-class-properties",
      "rawSpec": "^7.10.4"
    }
  },
  "31 debug pnpm:_dependency_resolved": {
    "resolution": "registry.npmjs.org/@babel/preset-env/7.18.10",
    "wanted": {
      "dependentId": "packages/utilsol",
      "name": "@babel/preset-env",
      "rawSpec": "^7.11.0"
    }
  },
  "32 debug pnpm:_dependency_resolved": {
    "resolution": "registry.npmjs.org/@babel/preset-typescript/7.18.6",
    "wanted": {
      "dependentId": "packages/utilsol",
      "name": "@babel/preset-typescript",
      "rawSpec": "^7.16.7"
    }
  },
  "33 debug pnpm:_dependency_resolved": {
    "resolution": "registry.npmjs.org/@commitlint/cli/9.1.2",
    "wanted": {
      "dependentId": "packages/utilsol",
      "name": "@commitlint/cli",
      "rawSpec": "^9.1.1"
    }
  },
  "34 debug pnpm:_dependency_resolved": {
    "resolution": "registry.npmjs.org/@commitlint/config-angular/9.1.2",
    "wanted": {
      "dependentId": "packages/utilsol",
      "name": "@commitlint/config-angular",
      "rawSpec": "^9.1.1"
    }
  },
  "35 debug pnpm:_dependency_resolved": {
    "resolution": "registry.npmjs.org/@commitlint/prompt-cli/9.1.2",
    "wanted": {
      "dependentId": "packages/utilsol",
      "name": "@commitlint/prompt-cli",
      "rawSpec": "^9.1.1"
    }
  },
  "36 debug pnpm:_dependency_resolved": {
    "resolution": "registry.npmjs.org/@rollup/plugin-babel/5.3.1",
    "wanted": {
      "dependentId": "packages/utilsol",
      "name": "@rollup/plugin-babel",
      "rawSpec": "^5.1.0"
    }
  },
  "37 debug pnpm:_dependency_resolved": {
    "resolution": "registry.npmjs.org/@rollup/plugin-commonjs/14.0.0",
    "wanted": {
      "dependentId": "packages/utilsol",
      "name": "@rollup/plugin-commonjs",
      "rawSpec": "^14.0.0"
    }
  },
  "38 debug pnpm:_dependency_resolved": {
    "resolution": "registry.npmjs.org/@rollup/plugin-image/2.1.1",
    "wanted": {
      "dependentId": "packages/utilsol",
      "name": "@rollup/plugin-image",
      "rawSpec": "^2.1.1"
    }
  },
  "39 debug pnpm:_dependency_resolved": {
    "resolution": "registry.npmjs.org/@rollup/plugin-json/4.1.0",
    "wanted": {
      "dependentId": "packages/utilsol",
      "name": "@rollup/plugin-json",
      "rawSpec": "^4.1.0"
    }
  },
  "40 debug pnpm:_dependency_resolved": {
    "resolution": "registry.npmjs.org/@rollup/plugin-node-resolve/8.4.0",
    "wanted": {
      "dependentId": "packages/utilsol",
      "name": "@rollup/plugin-node-resolve",
      "rawSpec": "^8.4.0"
    }
  },
  "41 debug pnpm:_dependency_resolved": {
    "resolution": "registry.npmjs.org/@rollup/plugin-replace/2.4.2",
    "wanted": {
      "dependentId": "packages/utilsol",
      "name": "@rollup/plugin-replace",
      "rawSpec": "^2.3.3"
    }
  },
  "42 debug pnpm:_dependency_resolved": {
    "resolution": "registry.npmjs.org/@rollup/plugin-typescript/5.0.2",
    "wanted": {
      "dependentId": "packages/utilsol",
      "name": "@rollup/plugin-typescript",
      "rawSpec": "^5.0.2"
    }
  },
  "43 debug pnpm:_dependency_resolved": {
    "resolution": "registry.npmjs.org/@types/node/17.0.45",
    "wanted": {
      "dependentId": "packages/utilsol",
      "name": "@types/node",
      "rawSpec": "^17.0.8"
    }
  },
  "44 debug pnpm:_dependency_resolved": {
    "resolution": "registry.npmjs.org/concurrently/6.5.1",
    "wanted": {
      "dependentId": "packages/utilsol",
      "name": "concurrently",
      "rawSpec": "^6.5.1"
    }
  },
  "45 debug pnpm:_dependency_resolved": {
    "resolution": "registry.npmjs.org/cross-env/7.0.3",
    "wanted": {
      "dependentId": "packages/utilsol",
      "name": "cross-env",
      "rawSpec": "^7.0.3"
    }
  },
  "46 debug pnpm:_dependency_resolved": {
    "resolution": "registry.npmjs.org/rollup/2.78.0",
    "wanted": {
      "dependentId": "packages/utilsol",
      "name": "rollup",
      "rawSpec": "^2.23.1"
    }
  },
  "47 debug pnpm:_dependency_resolved": {
    "resolution": "registry.npmjs.org/rollup-plugin-dts/1.4.14",
    "wanted": {
      "dependentId": "packages/utilsol",
      "name": "rollup-plugin-dts",
      "rawSpec": "^1.4.10"
    }
  },
  "48 debug pnpm:_dependency_resolved": {
    "resolution": "registry.npmjs.org/rollup-plugin-node-externals/2.2.0",
    "wanted": {
      "dependentId": "packages/utilsol",
      "name": "rollup-plugin-node-externals",
      "rawSpec": "^2.2.0"
    }
  },
  "49 debug pnpm:_dependency_resolved": {
    "resolution": "registry.npmjs.org/ts-jest/27.1.5",
    "wanted": {
      "dependentId": "packages/utilsol",
      "name": "ts-jest",
      "rawSpec": "^27.1.2"
    }
  },
  "50 debug pnpm:_dependency_resolved": {
    "resolution": "registry.npmjs.org/tslib/2.4.0",
    "wanted": {
      "dependentId": "packages/utilsol",
      "name": "tslib",
      "rawSpec": "^2.3.1"
    }
  },
  "51 debug pnpm:_dependency_resolved": {
    "resolution": "registry.npmjs.org/typedoc/0.22.18",
    "wanted": {
      "dependentId": "packages/utilsol",
      "name": "typedoc",
      "rawSpec": "^0.22.13"
    }
  },
  "52 debug pnpm:_dependency_resolved": {
    "resolution": "registry.npmjs.org/typedoc-plugin-markdown/3.13.4",
    "wanted": {
      "dependentId": "packages/utilsol",
      "name": "typedoc-plugin-markdown",
      "rawSpec": "^3.11.14"
    }
  },
  "53 debug pnpm:_dependency_resolved": {
    "resolution": "registry.npmjs.org/typescript/4.7.4",
    "wanted": {
      "dependentId": "packages/utilsol",
      "name": "typescript",
      "rawSpec": "^4.5.4"
    }
  },
  "54 debug pnpm:_dependency_resolved": {
    "resolution": "registry.npmjs.org/@turf/turf/6.5.0",
    "wanted": {
      "dependentId": "packages/utilsol",
      "name": "@turf/turf",
      "rawSpec": "6.5.0"
    }
  },
  "55 debug pnpm:_dependency_resolved": {
    "resolution": "registry.npmjs.org/dom-to-image/2.6.0",
    "wanted": {
      "dependentId": "packages/utilsol",
      "name": "dom-to-image",
      "rawSpec": "^2.6.0"
    }
  },
  "56 debug pnpm:_dependency_resolved": {
    "resolution": "registry.npmjs.org/file-saver-es/2.0.5",
    "wanted": {
      "dependentId": "packages/utilsol",
      "name": "file-saver-es",
      "rawSpec": "^2.0.5"
    }
  },
  "57 debug pnpm:_dependency_resolved": {
    "resolution": "registry.npmjs.org/jszip/3.10.1",
    "wanted": {
      "dependentId": "packages/utilsol",
      "name": "jszip",
      "rawSpec": "^3.8.0"
    }
  },
  "58 debug pnpm:_dependency_resolved": {
    "resolution": "registry.npmjs.org/ol/6.15.1",
    "wanted": {
      "dependentId": "packages/utilsol",
      "name": "ol",
      "rawSpec": "^6.14.1"
    }
  },
  "59 debug pnpm:_dependency_resolved": {
    "resolution": "registry.npmjs.org/proj4/2.8.0",
    "wanted": {
      "dependentId": "packages/utilsol",
      "name": "proj4",
      "rawSpec": "^2.8.0"
    }
  },
  "60 debug pnpm:_dependency_resolved": {
    "resolution": "registry.npmjs.org/shapefile/0.6.6",
    "wanted": {
      "dependentId": "packages/utilsol",
      "name": "shapefile",
      "rawSpec": "^0.6.6"
    }
  },
  "61 debug pnpm:_dependency_resolved": {
    "resolution": "registry.npmjs.org/ol/6.15.1",
    "wanted": {
      "dependentId": "packages/vue2ol-extend",
      "name": "ol",
      "rawSpec": "^6.14.1"
    }
  }
}